[0m17:21:17.638933 [debug] [MainThread]: Sending event: {'category': 'dbt', 'action': 'invocation', 'label': 'start', 'context': [<snowplow_tracker.self_describing_json.SelfDescribingJson object at 0x00000250F81A1C10>, <snowplow_tracker.self_describing_json.SelfDescribingJson object at 0x00000250F9194650>, <snowplow_tracker.self_describing_json.SelfDescribingJson object at 0x00000250F9195F10>]}


============================== 17:21:17.790118 | 1cd4438c-e16d-45ff-b8a6-f9f91967e170 ==============================
[0m17:21:17.790118 [info ] [MainThread]: Running with dbt=1.10.17
[0m17:21:17.790118 [debug] [MainThread]: running dbt with arguments {'static_parser': 'True', 'no_print': 'None', 'version_check': 'True', 'target_path': 'None', 'warn_error_options': 'WarnErrorOptionsV2(error=[], warn=[], silence=[])', 'printer_width': '80', 'write_json': 'True', 'introspect': 'True', 'log_cache_events': 'False', 'empty': 'None', 'cache_selected_only': 'False', 'log_format': 'default', 'debug': 'False', 'fail_fast': 'False', 'partial_parse': 'True', 'send_anonymous_usage_stats': 'True', 'quiet': 'False', 'warn_error': 'None', 'profiles_dir': 'C:\\Users\\mcadr\\.dbt', 'indirect_selection': 'eager', 'invocation_command': 'dbt init', 'use_colors': 'True', 'use_experimental_parser': 'False', 'log_path': 'logs'}
[0m17:23:14.857689 [debug] [MainThread]: Starter project path: C:\Users\mcadr\Coursework\dbt\dbt_tutorial_1\.venv\Lib\site-packages\dbt\include\starter_project
[0m17:23:14.914923 [info ] [MainThread]: 
Your new dbt project "dbt_core_tut" was created!

For more information on how to configure the profiles.yml file,
please consult the dbt documentation here:

  https://docs.getdbt.com/docs/configure-your-profile

One more thing:

Need help? Don't hesitate to reach out to us via GitHub issues or on Slack:

  https://community.getdbt.com/

Happy modeling!

[0m17:23:14.915930 [info ] [MainThread]: Setting up your profile.
[0m17:24:30.099414 [debug] [MainThread]: Spark adapter: Setting pyhive.hive logging to ERROR
[0m17:24:30.099414 [debug] [MainThread]: Spark adapter: Setting thrift.transport logging to ERROR
[0m17:24:30.099414 [debug] [MainThread]: Spark adapter: Setting thrift.protocol logging to ERROR
[0m17:37:28.612225 [info ] [MainThread]: Profile dbt_core_tut written to C:\Users\mcadr\.dbt\profiles.yml using target's profile_template.yml and your supplied values. Run 'dbt debug' to validate the connection.
[0m17:37:28.615918 [debug] [MainThread]: Command `dbt init` succeeded at 17:37:28.615327 after 971.16 seconds
[0m17:37:28.616230 [debug] [MainThread]: Sending event: {'category': 'dbt', 'action': 'invocation', 'label': 'end', 'context': [<snowplow_tracker.self_describing_json.SelfDescribingJson object at 0x00000250FBDEF1D0>, <snowplow_tracker.self_describing_json.SelfDescribingJson object at 0x000002508E5E9E20>, <snowplow_tracker.self_describing_json.SelfDescribingJson object at 0x000002508E609850>]}
[0m17:37:28.616743 [debug] [MainThread]: Flushing usage events
[0m17:37:29.526285 [debug] [MainThread]: An error was encountered while trying to flush usage events
[0m17:37:58.521352 [debug] [MainThread]: Sending event: {'category': 'dbt', 'action': 'invocation', 'label': 'start', 'context': [<snowplow_tracker.self_describing_json.SelfDescribingJson object at 0x000002366186A120>, <snowplow_tracker.self_describing_json.SelfDescribingJson object at 0x000002365F3944D0>, <snowplow_tracker.self_describing_json.SelfDescribingJson object at 0x0000023662275DC0>]}


============================== 17:37:58.530409 | 98f6a23f-22d9-4f7f-8c34-a06e9bf7d47e ==============================
[0m17:37:58.530409 [info ] [MainThread]: Running with dbt=1.10.17
[0m17:37:58.531602 [debug] [MainThread]: running dbt with arguments {'static_parser': 'True', 'no_print': 'None', 'version_check': 'True', 'target_path': 'None', 'warn_error_options': 'WarnErrorOptionsV2(error=[], warn=[], silence=[])', 'printer_width': '80', 'write_json': 'True', 'empty': 'None', 'log_cache_events': 'False', 'introspect': 'True', 'cache_selected_only': 'False', 'log_format': 'default', 'debug': 'False', 'fail_fast': 'False', 'profiles_dir': 'C:\\Users\\mcadr\\.dbt', 'send_anonymous_usage_stats': 'True', 'quiet': 'False', 'warn_error': 'None', 'partial_parse': 'True', 'indirect_selection': 'eager', 'use_colors': 'True', 'invocation_command': 'dbt debug', 'use_experimental_parser': 'False', 'log_path': 'logs'}
[0m17:37:58.569979 [info ] [MainThread]: dbt version: 1.10.17
[0m17:37:58.571263 [info ] [MainThread]: python version: 3.12.12
[0m17:37:58.572097 [info ] [MainThread]: python path: C:\Users\mcadr\Coursework\dbt\dbt_tutorial_1\.venv\Scripts\python.exe
[0m17:37:58.572757 [info ] [MainThread]: os info: Windows-11-10.0.26200-SP0
[0m17:38:00.088140 [debug] [MainThread]: Spark adapter: Setting pyhive.hive logging to ERROR
[0m17:38:00.090157 [debug] [MainThread]: Spark adapter: Setting thrift.transport logging to ERROR
[0m17:38:00.092172 [debug] [MainThread]: Spark adapter: Setting thrift.protocol logging to ERROR
[0m17:38:02.303266 [info ] [MainThread]: Using profiles dir at C:\Users\mcadr\.dbt
[0m17:38:02.305150 [info ] [MainThread]: Using profiles.yml file at C:\Users\mcadr\.dbt\profiles.yml
[0m17:38:02.306167 [info ] [MainThread]: Using dbt_project.yml file at C:\Users\mcadr\Coursework\dbt\dbt_tutorial_1\dbt_project.yml
[0m17:38:02.308151 [error] [MainThread]: Encountered an error:
Internal Error
  Profile should not be None if loading profile completed
[0m17:38:02.309675 [debug] [MainThread]: Command `dbt debug` failed at 17:38:02.308660 after 4.00 seconds
[0m17:38:02.309675 [debug] [MainThread]: Sending event: {'category': 'dbt', 'action': 'invocation', 'label': 'end', 'context': [<snowplow_tracker.self_describing_json.SelfDescribingJson object at 0x0000023661E0B2F0>, <snowplow_tracker.self_describing_json.SelfDescribingJson object at 0x0000023673A65970>, <snowplow_tracker.self_describing_json.SelfDescribingJson object at 0x0000023673A33C20>]}
[0m17:38:02.310672 [debug] [MainThread]: Flushing usage events
[0m17:38:02.851261 [debug] [MainThread]: An error was encountered while trying to flush usage events
